<?xml version="1.0" encoding="UTF-8"?>
<!-- Generated by org.testng.reporters.JUnitReportReporter -->
<testsuite hostname="DESKTOP-OJOQL60" failures="1" tests="5" name="MAF.Tests.TC001_UserRegistration" time="132.502" errors="0" timestamp="2020-09-17T12:54:48 GST" skipped="0">
  <testcase classname="MAF.Tests.TC001_UserRegistration" name="CustomerRegistration_OpenURL" time="71.945"/>
  <system-out/>
  <testcase classname="MAF.Tests.TC001_UserRegistration" name="CustomerRegistration_ClickLoginRegister" time="9.624">
    <failure message="expected [Login1] but found [Login]" type="java.lang.AssertionError">
      <![CDATA[java.lang.AssertionError: expected [Login1] but found [Login]
at org.testng.Assert.fail(Assert.java:99)
at org.testng.Assert.failNotEquals(Assert.java:1037)
at org.testng.Assert.assertEqualsImpl(Assert.java:140)
at org.testng.Assert.assertEquals(Assert.java:122)
at org.testng.Assert.assertEquals(Assert.java:629)
at org.testng.Assert.assertEquals(Assert.java:639)
at MAF.Tests.TC001_UserRegistration.CustomerRegistration_ClickLoginRegister(TC001_UserRegistration.java:37)
at java.base/jdk.internal.reflect.NativeMethodAccessorImpl.invoke0(Native Method)
at java.base/jdk.internal.reflect.NativeMethodAccessorImpl.invoke(NativeMethodAccessorImpl.java:62)
at java.base/jdk.internal.reflect.DelegatingMethodAccessorImpl.invoke(DelegatingMethodAccessorImpl.java:43)
at java.base/java.lang.reflect.Method.invoke(Method.java:564)
at org.testng.internal.MethodInvocationHelper.invokeMethod(MethodInvocationHelper.java:132)
at org.testng.internal.TestInvoker.invokeMethod(TestInvoker.java:599)
at org.testng.internal.TestInvoker.invokeTestMethod(TestInvoker.java:174)
at org.testng.internal.MethodRunner.runInSequence(MethodRunner.java:46)
at org.testng.internal.TestInvoker$MethodInvocationAgent.invoke(TestInvoker.java:822)
at org.testng.internal.TestInvoker.invokeTestMethods(TestInvoker.java:147)
at org.testng.internal.TestMethodWorker.invokeTestMethods(TestMethodWorker.java:146)
at org.testng.internal.TestMethodWorker.run(TestMethodWorker.java:128)
at java.base/java.util.concurrent.ThreadPoolExecutor.runWorker(ThreadPoolExecutor.java:1130)
at java.base/java.util.concurrent.ThreadPoolExecutor$Worker.run(ThreadPoolExecutor.java:630)
at java.base/java.lang.Thread.run(Thread.java:832)
]]>
    </failure>
  </testcase> <!-- CustomerRegistration_ClickLoginRegister -->
  <system-out/>
  <testcase classname="MAF.Tests.TC001_UserRegistration" name="CustomerRegistration_ClickRegister" time="3.552"/>
  <system-out/>
  <testcase classname="MAF.Tests.TC001_UserRegistration" name="CustomerRegistration_FillForm" time="41.715"/>
  <system-out/>
  <testcase classname="MAF.Tests.TC001_UserRegistration" name="tearDown" time="5.666"/>
  <system-out/>
</testsuite> <!-- MAF.Tests.TC001_UserRegistration -->
