<?xml version="1.0" encoding="UTF-8"?>
<!-- Generated by org.testng.reporters.JUnitXMLReporter -->
<testsuite ignored="0" hostname="DESKTOP-OJOQL60" failures="1" tests="5" name="Customer Registration" time="149.272" errors="0" timestamp="2020-09-17T12:51:15 GST">
  <testcase classname="MAF.Tests.TC001_UserRegistration" name="CustomerRegistration_OpenURL" time="71.945"/>
  <testcase classname="MAF.Tests.TC001_UserRegistration" name="CustomerRegistration_ClickLoginRegister" time="9.624">
    <failure type="java.lang.AssertionError" message="expected [Login1] but found [Login]">
      <![CDATA[java.lang.AssertionError: expected [Login1] but found [Login]
at MAF.Tests.TC001_UserRegistration.CustomerRegistration_ClickLoginRegister(TC001_UserRegistration.java:37)
at java.base/java.util.concurrent.ThreadPoolExecutor.runWorker(ThreadPoolExecutor.java:1130)
at java.base/java.util.concurrent.ThreadPoolExecutor$Worker.run(ThreadPoolExecutor.java:630)
at java.base/java.lang.Thread.run(Thread.java:832)
... Removed 18 stack frames]]>
    </failure>
  </testcase> <!-- CustomerRegistration_ClickLoginRegister -->
  <testcase classname="MAF.Tests.TC001_UserRegistration" name="CustomerRegistration_ClickRegister" time="3.552"/>
  <testcase classname="MAF.Tests.TC001_UserRegistration" name="CustomerRegistration_FillForm" time="41.715"/>
  <testcase classname="MAF.Tests.TC001_UserRegistration" name="tearDown" time="5.666"/>
</testsuite> <!-- Customer Registration -->
